<?xml version="1.0" encoding="UTF-8"?>
<!-- Generated by org.testng.reporters.JUnitReportReporter -->
<testsuite skipped="0" hostname="LAPTOP-6F5IMLR2" name="org.sampletestng.SampleTest2" tests="3" failures="0" timestamp="26 Mar 2022 10:07:13 GMT" time="8.530" errors="0">
  <testcase name="tc0" time="2.963" classname="org.sampletestng.SampleTest2"/>
  <testcase name="tc0" time="2.783" classname="org.sampletestng.SampleTest2"/>
  <testcase name="tc0" time="2.784" classname="org.sampletestng.SampleTest2"/>
</testsuite> <!-- org.sampletestng.SampleTest2 -->
