<?xml version="1.0" encoding="UTF-8"?>
<!-- Generated by org.testng.reporters.JUnitReportReporter -->
<testsuite skipped="0" hostname="LAPTOP-6F5IMLR2" name="org.sampletestng.SampleTest3" tests="3" failures="0" timestamp="26 Mar 2022 10:07:13 GMT" time="16.735" errors="0">
  <testcase name="tc01" time="5.691" classname="org.sampletestng.SampleTest3"/>
  <testcase name="tc01" time="5.550" classname="org.sampletestng.SampleTest3"/>
  <testcase name="tc01" time="5.494" classname="org.sampletestng.SampleTest3"/>
</testsuite> <!-- org.sampletestng.SampleTest3 -->
